0 info it worked if it ends with ok
1 verbose cli [ '/usr/local/Cellar/node/7.2.1/bin/node',
1 verbose cli   '/usr/local/bin/npm',
1 verbose cli   'run',
1 verbose cli   'scss' ]
2 info using npm@4.0.3
3 info using node@v7.2.1
4 verbose run-script [ 'prescss', 'scss', 'postscss' ]
5 info lifecycle kzadrozny.github.io@1.0.0~prescss: kzadrozny.github.io@1.0.0
6 silly lifecycle kzadrozny.github.io@1.0.0~prescss: no script for prescss, continuing
7 info lifecycle kzadrozny.github.io@1.0.0~scss: kzadrozny.github.io@1.0.0
8 verbose lifecycle kzadrozny.github.io@1.0.0~scss: unsafe-perm in lifecycle true
9 verbose lifecycle kzadrozny.github.io@1.0.0~scss: PATH: /usr/local/lib/node_modules/npm/bin/node-gyp-bin:/Users/Kathy/Documents/design-site/node_modules/.bin:/Users/Kathy/Library/Python/3.7/bin:/usr/local/bin:/usr/bin:/bin:/usr/sbin:/sbin
10 verbose lifecycle kzadrozny.github.io@1.0.0~scss: CWD: /Users/Kathy/Documents/design-site
11 silly lifecycle kzadrozny.github.io@1.0.0~scss: Args: [ '-c', 'gulp sass' ]
12 silly lifecycle kzadrozny.github.io@1.0.0~scss: Returned: code: 1  signal: null
13 info lifecycle kzadrozny.github.io@1.0.0~scss: Failed to exec scss script
14 verbose stack Error: kzadrozny.github.io@1.0.0 scss: `gulp sass`
14 verbose stack Exit status 1
14 verbose stack     at EventEmitter.<anonymous> (/usr/local/lib/node_modules/npm/lib/utils/lifecycle.js:279:16)
14 verbose stack     at emitTwo (events.js:106:13)
14 verbose stack     at EventEmitter.emit (events.js:191:7)
14 verbose stack     at ChildProcess.<anonymous> (/usr/local/lib/node_modules/npm/lib/utils/spawn.js:40:14)
14 verbose stack     at emitTwo (events.js:106:13)
14 verbose stack     at ChildProcess.emit (events.js:191:7)
14 verbose stack     at maybeClose (internal/child_process.js:885:16)
14 verbose stack     at Process.ChildProcess._handle.onexit (internal/child_process.js:226:5)
15 verbose pkgid kzadrozny.github.io@1.0.0
16 verbose cwd /Users/Kathy/Documents/design-site
17 error Darwin 18.7.0
18 error argv "/usr/local/Cellar/node/7.2.1/bin/node" "/usr/local/bin/npm" "run" "scss"
19 error node v7.2.1
20 error npm  v4.0.3
21 error code ELIFECYCLE
22 error kzadrozny.github.io@1.0.0 scss: `gulp sass`
22 error Exit status 1
23 error Failed at the kzadrozny.github.io@1.0.0 scss script 'gulp sass'.
23 error Make sure you have the latest version of node.js and npm installed.
23 error If you do, this is most likely a problem with the kzadrozny.github.io package,
23 error not with npm itself.
23 error Tell the author that this fails on your system:
23 error     gulp sass
23 error You can get information on how to open an issue for this project with:
23 error     npm bugs kzadrozny.github.io
23 error Or if that isn't available, you can get their info via:
23 error     npm owner ls kzadrozny.github.io
23 error There is likely additional logging output above.
24 verbose exit [ 1, true ]
